<?xml version="1.0" encoding="UTF-8"?>
<testng-results ignored="0" total="2" passed="2" failed="0" skipped="0">
  <reporter-output>
  </reporter-output>
  <suite started-at="2024-09-28T13:37:47 IST" name="Surefire suite" finished-at="2024-09-28T13:38:04 IST" duration-ms="17129">
    <groups>
    </groups>
    <test started-at="2024-09-28T13:37:47 IST" name="Surefire test" finished-at="2024-09-28T13:38:04 IST" duration-ms="17129">
      <class name="org.ashwinkallingal.Demo1Test">
        <test-method is-config="true" signature="setup()[pri:0, instance:org.ashwinkallingal.Demo1Test@48524010]" started-at="2024-09-28T13:37:47 IST" name="setup" finished-at="2024-09-28T13:37:49 IST" duration-ms="2262" status="PASS">
          <reporter-output>
          </reporter-output>
        </test-method> <!-- setup -->
        <test-method signature="flightTest(java.util.HashMap)[pri:0, instance:org.ashwinkallingal.Demo1Test@48524010]" started-at="2024-09-28T13:37:49 IST" name="flightTest" data-provider="getJData" finished-at="2024-09-28T13:37:58 IST" duration-ms="8041" status="PASS">
          <params>
            <param index="0">
              <value>
                <![CDATA[{origin1=GOI, dest1=MAA, origin2=DEL, dest2=AMD}]]>
              </value>
            </param>
          </params>
          <reporter-output>
          </reporter-output>
        </test-method> <!-- flightTest -->
        <test-method signature="flightTest(java.util.HashMap)[pri:0, instance:org.ashwinkallingal.Demo1Test@48524010]" started-at="2024-09-28T13:37:58 IST" name="flightTest" data-provider="getJData" finished-at="2024-09-28T13:38:04 IST" duration-ms="6565" status="PASS">
          <params>
            <param index="0">
              <value>
                <![CDATA[{origin1=AMD, dest1=MAA, origin2=DEL, dest2=AMD}]]>
              </value>
            </param>
          </params>
          <reporter-output>
          </reporter-output>
        </test-method> <!-- flightTest -->
        <test-method is-config="true" signature="teardown()[pri:0, instance:org.ashwinkallingal.Demo1Test@48524010]" started-at="2024-09-28T13:38:04 IST" name="teardown" finished-at="2024-09-28T13:38:04 IST" duration-ms="109" status="PASS">
          <reporter-output>
          </reporter-output>
        </test-method> <!-- teardown -->
      </class> <!-- org.ashwinkallingal.Demo1Test -->
    </test> <!-- Surefire test -->
  </suite> <!-- Surefire suite -->
</testng-results>
